Arguments: 
  C:\Program Files\nodejs\node.exe C:\Users\cloudvmadmin\AppData\Roaming\npm\node_modules\yarn\bin\yarn.js install

PATH: 
  C:\Program Files (x86)\Common Files\Oracle\Java\javapath;C:\Program Files (x86)\PostgreSQL\10\bin;C:\Program Files\dotnet;C:\Program Files\dotnet\;C:\Program Files (x86)\dotnet\;C:\Program Files\MongoDB\Server\4.4\bin;C:\Program Files\Microsoft\Azure Functions Core Tools\;C:\Program Files\Microsoft SQL Server\Client SDK\ODBC\170\Tools\Binn\;C:\Program Files (x86)\Microsoft SQL Server\150\Tools\Binn\;C:\Program Files\Microsoft SQL Server\150\Tools\Binn\;C:\Program Files\Microsoft SQL Server\150\DTS\Binn\;C:\Program Files (x86)\Google\Cloud SDK\google-cloud-sdk\bin;C:\msys64\mingw64\bin;C:\Program Files\Git\cmd;C:\Users\cloudvmadmin\AppData\Roaming\nvm;C:\Program Files\nodejs;C:\Users\cloudvmadmin\.cargo\bin;C:\Users\cloudvmadmin\AppData\Local\Programs\Python\Python310\Scripts\;C:\Users\cloudvmadmin\AppData\Local\Programs\Python\Python310\;C:\pgsql\bin;C:\Spark\spark-3.0.1-bin-hadoop2.7\bin;C:\Program Files\IBM\Cloud\bin;C:\Users\cloudvmadmin\.dotnet\tools;C:\Users\cloudvmadmin\AppData\Local\Programs\Microsoft VS Code\bin;C:\Users\cloudvmadmin\AppData\Local\Programs\Fiddler;C:\msys64\mingw64\bin;C:\Users\cloudvmadmin\AppData\Roaming\npm;C:\Users\cloudvmadmin\AppData\Roaming\nvm;C:\Program Files\nodejs

Yarn version: 
  1.22.19

Node version: 
  16.19.0

Platform: 
  win32 x64

Trace: 
  Error: https://registry.yarnpkg.com/rxjs/-/rxjs-6.6.7.tgz: ESOCKETTIMEDOUT
      at ClientRequest.<anonymous> (C:\Users\cloudvmadmin\AppData\Roaming\npm\node_modules\yarn\lib\cli.js:141517:19)
      at Object.onceWrapper (node:events:627:28)
      at ClientRequest.emit (node:events:513:28)
      at TLSSocket.emitRequestTimeout (node:_http_client:839:9)
      at Object.onceWrapper (node:events:627:28)
      at TLSSocket.emit (node:events:525:35)
      at TLSSocket.Socket._onTimeout (node:net:550:8)
      at listOnTimeout (node:internal/timers:559:17)
      at processTimers (node:internal/timers:502:7)

npm manifest: 
  {
    "name": "nft-dapp-starter-kit",
    "version": "0.1.0",
    "private": true,
    "scripts": {
      "dev": "next dev",
      "build": "next build",
      "start": "next start",
      "lint": "next lint"
    },
    "dependencies": {
      "@chakra-ui/icons": "^1.1.7",
      "@chakra-ui/react": "^1.8.8",
      "@emotion/react": "^11",
      "@emotion/styled": "^11",
      "ethers": "^5.6.5",
      "framer-motion": "^6",
      "fs": "^0.0.1-security",
      "keccak256": "^1.0.6",
      "merkletreejs": "^0.2.31",
      "next": "12.1.6",
      "react": "18.1.0",
      "react-dom": "18.1.0",
      "react-icons": "^4.3.1",
      "wagmi": "^0.3.3",
      "web3": "^1.7.3"
    },
    "devDependencies": {
      "@types/node": "17.0.31",
      "@types/react": "18.0.8",
      "@types/react-dom": "18.0.3",
      "@typescript-eslint/eslint-plugin": "^5.23.0",
      "@typescript-eslint/parser": "^5.23.0",
      "eslint": "8.14.0",
      "eslint-config-next": "12.1.6",
      "eslint-plugin-react": "^7.29.4",
      "typescript": "4.6.4"
    }
  }

yarn manifest: 
  No manifest

Lockfile: 
  No lockfile
